# JRE version: OpenJDK Runtime Environment 18.9 (11.0.11+9) (build 11.0.11+9)
# Java VM: OpenJDK 64-Bit Server VM 18.9 (11.0.11+9, mixed mode, tiered, compressed oops, g1 gc, windows-amd64)
Heap:
 garbage-first heap   total 378880K, used 144724K [0x0000000740000000, 0x0000000800000000)
  region size 1024K, 31 young (31744K), 2 survivors (2048K)
 Metaspace       used 108007K, capacity 109400K, committed 113664K, reserved 1148928K
  class space    used 13058K, capacity 13592K, committed 15104K, reserved 1048576K
GC Heap History (20 events):
Event: 205422.690 GC heap before
{Heap before GC invocations=1795 (full 623):
 garbage-first heap   total 378880K, used 126604K [0x0000000740000000, 0x0000000800000000)
  region size 1024K, 5 young (5120K), 0 survivors (0K)
 Metaspace       used 107989K, capacity 109336K, committed 113664K, reserved 1148928K
  class space    used 13058K, capacity 13592K, committed 15104K, reserved 1048576K
}
Event: 205422.747 GC heap after
{Heap after GC invocations=1796 (full 624):
 garbage-first heap   total 378880K, used 114304K [0x0000000740000000, 0x0000000800000000)
  region size 1024K, 0 young (0K), 0 survivors (0K)
 Metaspace       used 107989K, capacity 109336K, committed 113664K, reserved 1148928K
  class space    used 13058K, capacity 13592K, committed 15104K, reserved 1048576K
}
Event: 205422.794 GC heap before
{Heap before GC invocations=1796 (full 624):
 garbage-first heap   total 378880K, used 141952K [0x0000000740000000, 0x0000000800000000)
  region size 1024K, 4 young (4096K), 0 survivors (0K)
 Metaspace       used 107989K, capacity 109336K, committed 113664K, reserved 1148928K
  class space    used 13058K, capacity 13592K, committed 15104K, reserved 1048576K
}
Event: 205422.795 GC heap after
{Heap after GC invocations=1797 (full 624):
 garbage-first heap   total 378880K, used 139140K [0x0000000740000000, 0x0000000800000000)
  region size 1024K, 1 young (1024K), 1 survivors (1024K)
 Metaspace       used 107989K, capacity 109336K, committed 113664K, reserved 1148928K
  class space    used 13058K, capacity 13592K, committed 15104K, reserved 1048576K
}
Event: 205422.832 GC heap before
{Heap before GC invocations=1797 (full 624):
 garbage-first heap   total 378880K, used 150404K [0x0000000740000000, 0x0000000800000000)
  region size 1024K, 5 young (5120K), 1 survivors (1024K)
 Metaspace       used 107989K, capacity 109336K, committed 113664K, reserved 1148928K
  class space    used 13058K, capacity 13592K, committed 15104K, reserved 1048576K
}
Event: 205422.833 GC heap after
{Heap after GC invocations=1798 (full 624):
 garbage-first heap   total 378880K, used 130896K [0x0000000740000000, 0x0000000800000000)
  region size 1024K, 1 young (1024K), 1 survivors (1024K)
 Metaspace       used 107989K, capacity 109336K, committed 113664K, reserved 1148928K
  class space    used 13058K, capacity 13592K, committed 15104K, reserved 1048576K
}
Event: 205422.872 GC heap before
{Heap before GC invocations=1798 (full 624):
 garbage-first heap   total 378880K, used 159568K [0x0000000740000000, 0x0000000800000000)
  region size 1024K, 6 young (6144K), 1 survivors (1024K)
 Metaspace       used 107989K, capacity 109336K, committed 113664K, reserved 1148928K
  class space    used 13058K, capacity 13592K, committed 15104K, reserved 1048576K
}
Event: 205422.873 GC heap after
{Heap after GC invocations=1799 (full 624):
 garbage-first heap   total 378880K, used 147277K [0x0000000740000000, 0x0000000800000000)
  region size 1024K, 1 young (1024K), 1 survivors (1024K)
 Metaspace       used 107989K, capacity 109336K, committed 113664K, reserved 1148928K
  class space    used 13058K, capacity 13592K, committed 15104K, reserved 1048576K
}
Event: 205422.908 GC heap before
{Heap before GC invocations=1799 (full 624):
 garbage-first heap   total 378880K, used 158541K [0x0000000740000000, 0x0000000800000000)
  region size 1024K, 5 young (5120K), 1 survivors (1024K)
 Metaspace       used 107989K, capacity 109336K, committed 113664K, reserved 1148928K
  class space    used 13058K, capacity 13592K, committed 15104K, reserved 1048576K
}
Event: 205422.962 GC heap after
{Heap after GC invocations=1800 (full 625):
 garbage-first heap   total 378880K, used 114284K [0x0000000740000000, 0x0000000800000000)
  region size 1024K, 0 young (0K), 0 survivors (0K)
 Metaspace       used 107989K, capacity 109336K, committed 113664K, reserved 1148928K
  class space    used 13058K, capacity 13592K, committed 15104K, reserved 1048576K
}
Event: 205422.999 GC heap before
{Heap before GC invocations=1800 (full 625):
 garbage-first heap   total 378880K, used 133740K [0x0000000740000000, 0x0000000800000000)
  region size 1024K, 4 young (4096K), 0 survivors (0K)
 Metaspace       used 107989K, capacity 109336K, committed 113664K, reserved 1148928K
  class space    used 13058K, capacity 13592K, committed 15104K, reserved 1048576K
}
Event: 205423.055 GC heap after
{Heap after GC invocations=1801 (full 626):
 garbage-first heap   total 378880K, used 114298K [0x0000000740000000, 0x0000000800000000)
  region size 1024K, 0 young (0K), 0 survivors (0K)
 Metaspace       used 107989K, capacity 109336K, committed 113664K, reserved 1148928K
  class space    used 13058K, capacity 13592K, committed 15104K, reserved 1048576K
}
Event: 205439.236 GC heap before
{Heap before GC invocations=1801 (full 626):
 garbage-first heap   total 378880K, used 174714K [0x0000000740000000, 0x0000000800000000)
  region size 1024K, 60 young (61440K), 0 survivors (0K)
 Metaspace       used 107989K, capacity 109336K, committed 113664K, reserved 1148928K
  class space    used 13058K, capacity 13592K, committed 15104K, reserved 1048576K
}
Event: 205439.237 GC heap after
{Heap after GC invocations=1802 (full 626):
 garbage-first heap   total 378880K, used 114680K [0x0000000740000000, 0x0000000800000000)
  region size 1024K, 1 young (1024K), 1 survivors (1024K)
 Metaspace       used 107989K, capacity 109336K, committed 113664K, reserved 1148928K
  class space    used 13058K, capacity 13592K, committed 15104K, reserved 1048576K
}
Event: 205456.137 GC heap before
{Heap before GC invocations=1802 (full 626):
 garbage-first heap   total 378880K, used 175096K [0x0000000740000000, 0x0000000800000000)
  region size 1024K, 60 young (61440K), 1 survivors (1024K)
 Metaspace       used 107995K, capacity 109336K, committed 113664K, reserved 1148928K
  class space    used 13058K, capacity 13592K, committed 15104K, reserved 1048576K
}
Event: 205456.138 GC heap after
{Heap after GC invocations=1803 (full 626):
 garbage-first heap   total 378880K, used 114753K [0x0000000740000000, 0x0000000800000000)
  region size 1024K, 1 young (1024K), 1 survivors (1024K)
 Metaspace       used 107995K, capacity 109336K, committed 113664K, reserved 1148928K
  class space    used 13058K, capacity 13592K, committed 15104K, reserved 1048576K
}
Event: 205462.305 GC heap before
{Heap before GC invocations=1803 (full 626):
 garbage-first heap   total 378880K, used 175169K [0x0000000740000000, 0x0000000800000000)
  region size 1024K, 60 young (61440K), 1 survivors (1024K)
 Metaspace       used 108004K, capacity 109400K, committed 113664K, reserved 1148928K
  class space    used 13058K, capacity 13592K, committed 15104K, reserved 1048576K
}
Event: 205462.307 GC heap after
{Heap after GC invocations=1804 (full 626):
 garbage-first heap   total 378880K, used 115078K [0x0000000740000000, 0x0000000800000000)
  region size 1024K, 1 young (1024K), 1 survivors (1024K)
 Metaspace       used 108004K, capacity 109400K, committed 113664K, reserved 1148928K
  class space    used 13058K, capacity 13592K, committed 15104K, reserved 1048576K
}
Event: 205464.109 GC heap before
{Heap before GC invocations=1804 (full 626):
 garbage-first heap   total 378880K, used 175494K [0x0000000740000000, 0x0000000800000000)
  region size 1024K, 60 young (61440K), 1 survivors (1024K)
 Metaspace       used 108006K, capacity 109400K, committed 113664K, reserved 1148928K
  class space    used 13058K, capacity 13592K, committed 15104K, reserved 1048576K
}
Event: 205464.111 GC heap after
{Heap after GC invocations=1805 (full 626):
 garbage-first heap   total 378880K, used 116052K [0x0000000740000000, 0x0000000800000000)
  region size 1024K, 2 young (2048K), 2 survivors (2048K)
 Metaspace       used 108006K, capacity 109400K, committed 113664K, reserved 1148928K
  class space    used 13058K, capacity 13592K, committed 15104K, reserved 1048576K
}

